# JRE version: OpenJDK Runtime Environment (21.0.8) (build 21.0.8+-14196175-b1038.72)
# Java VM: OpenJDK 64-Bit Server VM (21.0.8+-14196175-b1038.72, mixed mode, tiered, compressed oops, compressed class ptrs, g1 gc, windows-amd64)
GC Precious Log:
 CardTable entry size: 512
 Card Set container configuration: InlinePtr #cards 5 size 8 Array Of Cards #cards 12 size 40 Howl #buckets 4 coarsen threshold 1843 Howl Bitmap #cards 512 size 80 coarsen threshold 460 Card regions per heap region 1 cards per card region 2048
 CPUs: 16 total, 16 available
 Memory: 15791M
 Large Page Support: Disabled
 NUMA Support: Disabled
 Compressed Oops: Enabled (32-bit)
 Heap Region Size: 1M
 Heap Min Capacity: 8M
 Heap Initial Capacity: 248M
 Heap Max Capacity: 2G
 Pre-touch: Disabled
 Parallel Workers: 13
 Concurrent Workers: 3
 Concurrent Refinement Workers: 13
 Periodic GC: Disabled
Heap:
 garbage-first heap   total 252928K, used 163956K [0x0000000080000000, 0x0000000100000000)
  region size 1024K, 16 young (16384K), 5 survivors (5120K)
 Metaspace       used 142172K, committed 144320K, reserved 1179648K
  class space    used 18684K, committed 19712K, reserved 1048576K
GC Heap History (20 events):
Event: 8.917 GC heap before
{Heap before GC invocations=25 (full 0):
 garbage-first heap   total 174080K, used 153330K [0x0000000080000000, 0x0000000100000000)
  region size 1024K, 51 young (52224K), 4 survivors (4096K)
 Metaspace       used 82501K, committed 84224K, reserved 1179648K
  class space    used 11703K, committed 12544K, reserved 1048576K
}
Event: 8.928 GC heap after
{Heap after GC invocations=26 (full 0):
 garbage-first heap   total 208896K, used 110481K [0x0000000080000000, 0x0000000100000000)
  region size 1024K, 7 young (7168K), 7 survivors (7168K)
 Metaspace       used 82501K, committed 84224K, reserved 1179648K
  class space    used 11703K, committed 12544K, reserved 1048576K
}
Event: 9.711 GC heap before
{Heap before GC invocations=26 (full 0):
 garbage-first heap   total 208896K, used 187281K [0x0000000080000000, 0x0000000100000000)
  region size 1024K, 75 young (76800K), 7 survivors (7168K)
 Metaspace       used 91318K, committed 92992K, reserved 1179648K
  class space    used 12555K, committed 13376K, reserved 1048576K
}
Event: 9.731 GC heap after
{Heap after GC invocations=27 (full 0):
 garbage-first heap   total 208896K, used 122647K [0x0000000080000000, 0x0000000100000000)
  region size 1024K, 10 young (10240K), 10 survivors (10240K)
 Metaspace       used 91318K, committed 92992K, reserved 1179648K
  class space    used 12555K, committed 13376K, reserved 1048576K
}
Event: 10.446 GC heap before
{Heap before GC invocations=27 (full 0):
 garbage-first heap   total 208896K, used 185111K [0x0000000080000000, 0x0000000100000000)
  region size 1024K, 71 young (72704K), 10 survivors (10240K)
 Metaspace       used 99109K, committed 101120K, reserved 1179648K
  class space    used 13621K, committed 14592K, reserved 1048576K
}
Event: 10.455 GC heap after
{Heap after GC invocations=28 (full 0):
 garbage-first heap   total 208896K, used 127005K [0x0000000080000000, 0x0000000100000000)
  region size 1024K, 9 young (9216K), 9 survivors (9216K)
 Metaspace       used 99109K, committed 101120K, reserved 1179648K
  class space    used 13621K, committed 14592K, reserved 1048576K
}
Event: 11.086 GC heap before
{Heap before GC invocations=29 (full 0):
 garbage-first heap   total 211968K, used 187421K [0x0000000080000000, 0x0000000100000000)
  region size 1024K, 68 young (69632K), 9 survivors (9216K)
 Metaspace       used 103612K, committed 105600K, reserved 1179648K
  class space    used 14215K, committed 15168K, reserved 1048576K
}
Event: 11.095 GC heap after
{Heap after GC invocations=30 (full 0):
 garbage-first heap   total 211968K, used 129983K [0x0000000080000000, 0x0000000100000000)
  region size 1024K, 8 young (8192K), 8 survivors (8192K)
 Metaspace       used 103612K, committed 105600K, reserved 1179648K
  class space    used 14215K, committed 15168K, reserved 1048576K
}
Event: 11.862 GC heap before
{Heap before GC invocations=30 (full 0):
 garbage-first heap   total 211968K, used 191423K [0x0000000080000000, 0x0000000100000000)
  region size 1024K, 68 young (69632K), 8 survivors (8192K)
 Metaspace       used 109035K, committed 111040K, reserved 1179648K
  class space    used 14838K, committed 15808K, reserved 1048576K
}
Event: 11.869 GC heap after
{Heap after GC invocations=31 (full 0):
 garbage-first heap   total 211968K, used 133057K [0x0000000080000000, 0x0000000100000000)
  region size 1024K, 8 young (8192K), 8 survivors (8192K)
 Metaspace       used 109035K, committed 111040K, reserved 1179648K
  class space    used 14838K, committed 15808K, reserved 1048576K
}
Event: 12.537 GC heap before
{Heap before GC invocations=31 (full 0):
 garbage-first heap   total 211968K, used 191425K [0x0000000080000000, 0x0000000100000000)
  region size 1024K, 65 young (66560K), 8 survivors (8192K)
 Metaspace       used 116563K, committed 118592K, reserved 1179648K
  class space    used 15675K, committed 16640K, reserved 1048576K
}
Event: 12.546 GC heap after
{Heap after GC invocations=32 (full 0):
 garbage-first heap   total 211968K, used 136723K [0x0000000080000000, 0x0000000100000000)
  region size 1024K, 8 young (8192K), 8 survivors (8192K)
 Metaspace       used 116563K, committed 118592K, reserved 1179648K
  class space    used 15675K, committed 16640K, reserved 1048576K
}
Event: 13.290 GC heap before
{Heap before GC invocations=33 (full 0):
 garbage-first heap   total 229376K, used 190995K [0x0000000080000000, 0x0000000100000000)
  region size 1024K, 61 young (62464K), 8 survivors (8192K)
 Metaspace       used 125277K, committed 127424K, reserved 1179648K
  class space    used 16451K, committed 17472K, reserved 1048576K
}
Event: 13.295 GC heap after
{Heap after GC invocations=34 (full 0):
 garbage-first heap   total 229376K, used 137924K [0x0000000080000000, 0x0000000100000000)
  region size 1024K, 6 young (6144K), 6 survivors (6144K)
 Metaspace       used 125277K, committed 127424K, reserved 1179648K
  class space    used 16451K, committed 17472K, reserved 1048576K
}
Event: 13.803 GC heap before
{Heap before GC invocations=34 (full 0):
 garbage-first heap   total 229376K, used 210628K [0x0000000080000000, 0x0000000100000000)
  region size 1024K, 76 young (77824K), 6 survivors (6144K)
 Metaspace       used 127205K, committed 129344K, reserved 1179648K
  class space    used 16708K, committed 17728K, reserved 1048576K
}
Event: 13.810 GC heap after
{Heap after GC invocations=35 (full 0):
 garbage-first heap   total 229376K, used 143360K [0x0000000080000000, 0x0000000100000000)
  region size 1024K, 10 young (10240K), 10 survivors (10240K)
 Metaspace       used 127205K, committed 129344K, reserved 1179648K
  class space    used 16708K, committed 17728K, reserved 1048576K
}
Event: 14.691 GC heap before
{Heap before GC invocations=35 (full 0):
 garbage-first heap   total 229376K, used 205824K [0x0000000080000000, 0x0000000100000000)
  region size 1024K, 72 young (73728K), 10 survivors (10240K)
 Metaspace       used 134152K, committed 136320K, reserved 1179648K
  class space    used 17670K, committed 18688K, reserved 1048576K
}
Event: 14.700 GC heap after
{Heap after GC invocations=36 (full 0):
 garbage-first heap   total 229376K, used 149933K [0x0000000080000000, 0x0000000100000000)
  region size 1024K, 7 young (7168K), 7 survivors (7168K)
 Metaspace       used 134152K, committed 136320K, reserved 1179648K
  class space    used 17670K, committed 18688K, reserved 1048576K
}
Event: 15.412 GC heap before
{Heap before GC invocations=37 (full 0):
 garbage-first heap   total 252928K, used 206253K [0x0000000080000000, 0x0000000100000000)
  region size 1024K, 63 young (64512K), 7 survivors (7168K)
 Metaspace       used 141080K, committed 143232K, reserved 1179648K
  class space    used 18522K, committed 19520K, reserved 1048576K
}
Event: 15.418 GC heap after
{Heap after GC invocations=38 (full 0):
 garbage-first heap   total 252928K, used 153716K [0x0000000080000000, 0x0000000100000000)
  region size 1024K, 5 young (5120K), 5 survivors (5120K)
 Metaspace       used 141080K, committed 143232K, reserved 1179648K
  class space    used 18522K, committed 19520K, reserved 1048576K
}

