# JRE version: OpenJDK Runtime Environment (21.0.8) (build 21.0.8+-14196175-b1038.72)
# Java VM: OpenJDK 64-Bit Server VM (21.0.8+-14196175-b1038.72, mixed mode, tiered, compressed oops, compressed class ptrs, g1 gc, windows-amd64)
GC Precious Log:
 CardTable entry size: 512
 Card Set container configuration: InlinePtr #cards 5 size 8 Array Of Cards #cards 12 size 40 Howl #buckets 4 coarsen threshold 1843 Howl Bitmap #cards 512 size 80 coarsen threshold 460 Card regions per heap region 1 cards per card region 2048
 CPUs: 16 total, 16 available
 Memory: 15791M
 Large Page Support: Disabled
 NUMA Support: Disabled
 Compressed Oops: Enabled (32-bit)
 Heap Region Size: 1M
 Heap Min Capacity: 8M
 Heap Initial Capacity: 248M
 Heap Max Capacity: 2G
 Pre-touch: Disabled
 Parallel Workers: 13
 Concurrent Workers: 3
 Concurrent Refinement Workers: 13
 Periodic GC: Disabled
Heap:
 garbage-first heap   total 223232K, used 173141K [0x0000000080000000, 0x0000000100000000)
  region size 1024K, 43 young (44032K), 9 survivors (9216K)
 Metaspace       used 132419K, committed 134656K, reserved 1179648K
  class space    used 17744K, committed 18816K, reserved 1048576K
GC Heap History (20 events):
Event: 9.620 GC heap before
{Heap before GC invocations=23 (full 0):
 garbage-first heap   total 157696K, used 142090K [0x0000000080000000, 0x0000000100000000)
  region size 1024K, 50 young (51200K), 5 survivors (5120K)
 Metaspace       used 73228K, committed 74944K, reserved 1114112K
  class space    used 10378K, committed 11200K, reserved 1048576K
}
Event: 9.625 GC heap after
{Heap after GC invocations=24 (full 0):
 garbage-first heap   total 157696K, used 98807K [0x0000000080000000, 0x0000000100000000)
  region size 1024K, 6 young (6144K), 6 survivors (6144K)
 Metaspace       used 73228K, committed 74944K, reserved 1114112K
  class space    used 10378K, committed 11200K, reserved 1048576K
}
Event: 10.163 GC heap before
{Heap before GC invocations=25 (full 0):
 garbage-first heap   total 165888K, used 140791K [0x0000000080000000, 0x0000000100000000)
  region size 1024K, 48 young (49152K), 6 survivors (6144K)
 Metaspace       used 80710K, committed 82496K, reserved 1179648K
  class space    used 11755K, committed 12608K, reserved 1048576K
}
Event: 10.169 GC heap after
{Heap after GC invocations=26 (full 0):
 garbage-first heap   total 165888K, used 99805K [0x0000000080000000, 0x0000000100000000)
  region size 1024K, 4 young (4096K), 4 survivors (4096K)
 Metaspace       used 80710K, committed 82496K, reserved 1179648K
  class space    used 11755K, committed 12608K, reserved 1048576K
}
Event: 10.640 GC heap before
{Heap before GC invocations=26 (full 0):
 garbage-first heap   total 165888K, used 152029K [0x0000000080000000, 0x0000000100000000)
  region size 1024K, 55 young (56320K), 4 survivors (4096K)
 Metaspace       used 88672K, committed 90496K, reserved 1179648K
  class space    used 12754K, committed 13632K, reserved 1048576K
}
Event: 10.645 GC heap after
{Heap after GC invocations=27 (full 0):
 garbage-first heap   total 165888K, used 100971K [0x0000000080000000, 0x0000000100000000)
  region size 1024K, 6 young (6144K), 6 survivors (6144K)
 Metaspace       used 88672K, committed 90496K, reserved 1179648K
  class space    used 12754K, committed 13632K, reserved 1048576K
}
Event: 10.842 GC heap before
{Heap before GC invocations=27 (full 0):
 garbage-first heap   total 165888K, used 122475K [0x0000000080000000, 0x0000000100000000)
  region size 1024K, 28 young (28672K), 6 survivors (6144K)
 Metaspace       used 91496K, committed 93376K, reserved 1179648K
  class space    used 13108K, committed 14016K, reserved 1048576K
}
Event: 10.846 GC heap after
{Heap after GC invocations=28 (full 0):
 garbage-first heap   total 165888K, used 102281K [0x0000000080000000, 0x0000000100000000)
  region size 1024K, 5 young (5120K), 5 survivors (5120K)
 Metaspace       used 91496K, committed 93376K, reserved 1179648K
  class space    used 13108K, committed 14016K, reserved 1048576K
}
Event: 11.111 GC heap before
{Heap before GC invocations=29 (full 0):
 garbage-first heap   total 184320K, used 158601K [0x0000000080000000, 0x0000000100000000)
  region size 1024K, 52 young (53248K), 5 survivors (5120K)
 Metaspace       used 92750K, committed 94592K, reserved 1179648K
  class space    used 13270K, committed 14144K, reserved 1048576K
}
Event: 11.121 GC heap after
{Heap after GC invocations=30 (full 0):
 garbage-first heap   total 184320K, used 115461K [0x0000000080000000, 0x0000000100000000)
  region size 1024K, 7 young (7168K), 7 survivors (7168K)
 Metaspace       used 92750K, committed 94592K, reserved 1179648K
  class space    used 13270K, committed 14144K, reserved 1048576K
}
Event: 11.529 GC heap before
{Heap before GC invocations=30 (full 0):
 garbage-first heap   total 184320K, used 171781K [0x0000000080000000, 0x0000000100000000)
  region size 1024K, 55 young (56320K), 7 survivors (7168K)
 Metaspace       used 98676K, committed 100544K, reserved 1179648K
  class space    used 13927K, committed 14784K, reserved 1048576K
}
Event: 11.540 GC heap after
{Heap after GC invocations=31 (full 0):
 garbage-first heap   total 223232K, used 125883K [0x0000000080000000, 0x0000000100000000)
  region size 1024K, 4 young (4096K), 4 survivors (4096K)
 Metaspace       used 98676K, committed 100544K, reserved 1179648K
  class space    used 13927K, committed 14784K, reserved 1048576K
}
Event: 12.164 GC heap before
{Heap before GC invocations=31 (full 0):
 garbage-first heap   total 223232K, used 194491K [0x0000000080000000, 0x0000000100000000)
  region size 1024K, 71 young (72704K), 4 survivors (4096K)
 Metaspace       used 107356K, committed 109504K, reserved 1179648K
  class space    used 14929K, committed 16000K, reserved 1048576K
}
Event: 12.169 GC heap after
{Heap after GC invocations=32 (full 0):
 garbage-first heap   total 223232K, used 129789K [0x0000000080000000, 0x0000000100000000)
  region size 1024K, 8 young (8192K), 8 survivors (8192K)
 Metaspace       used 107356K, committed 109504K, reserved 1179648K
  class space    used 14929K, committed 16000K, reserved 1048576K
}
Event: 12.708 GC heap before
{Heap before GC invocations=32 (full 0):
 garbage-first heap   total 223232K, used 182013K [0x0000000080000000, 0x0000000100000000)
  region size 1024K, 60 young (61440K), 8 survivors (8192K)
 Metaspace       used 114267K, committed 116416K, reserved 1179648K
  class space    used 15819K, committed 16832K, reserved 1048576K
}
Event: 12.714 GC heap after
{Heap after GC invocations=33 (full 0):
 garbage-first heap   total 223232K, used 132992K [0x0000000080000000, 0x0000000100000000)
  region size 1024K, 7 young (7168K), 7 survivors (7168K)
 Metaspace       used 114267K, committed 116416K, reserved 1179648K
  class space    used 15819K, committed 16832K, reserved 1048576K
}
Event: 13.462 GC heap before
{Heap before GC invocations=34 (full 0):
 garbage-first heap   total 223232K, used 203648K [0x0000000080000000, 0x0000000100000000)
  region size 1024K, 76 young (77824K), 7 survivors (7168K)
 Metaspace       used 117891K, committed 120064K, reserved 1179648K
  class space    used 16277K, committed 17344K, reserved 1048576K
}
Event: 13.469 GC heap after
{Heap after GC invocations=35 (full 0):
 garbage-first heap   total 223232K, used 135602K [0x0000000080000000, 0x0000000100000000)
  region size 1024K, 7 young (7168K), 7 survivors (7168K)
 Metaspace       used 117891K, committed 120064K, reserved 1179648K
  class space    used 16277K, committed 17344K, reserved 1048576K
}
Event: 14.173 GC heap before
{Heap before GC invocations=35 (full 0):
 garbage-first heap   total 223232K, used 203186K [0x0000000080000000, 0x0000000100000000)
  region size 1024K, 73 young (74752K), 7 survivors (7168K)
 Metaspace       used 126631K, committed 128832K, reserved 1179648K
  class space    used 17244K, committed 18304K, reserved 1048576K
}
Event: 14.183 GC heap after
{Heap after GC invocations=36 (full 0):
 garbage-first heap   total 223232K, used 139349K [0x0000000080000000, 0x0000000100000000)
  region size 1024K, 9 young (9216K), 9 survivors (9216K)
 Metaspace       used 126631K, committed 128832K, reserved 1179648K
  class space    used 17244K, committed 18304K, reserved 1048576K
}

